<?xml version="1.0" encoding="UTF-8"?>
<!-- Generated by org.testng.reporters.JUnitReportReporter -->
<testsuite hostname="DESKTOP-B96ST24" failures="0" tests="3" name="TestNGPractiseSessions.freecrmLoginTest" time="207.730" errors="0" timestamp="2021-02-13T12:08:43 IST" skipped="0">
  <testcase classname="TestNGPractiseSessions.freecrmLoginTest" name="loginPageTest" time="59.368"/>
  <system-out/>
  <testcase classname="TestNGPractiseSessions.freecrmLoginTest" name="loginPageTest" time="68.250"/>
  <system-out/>
  <testcase classname="TestNGPractiseSessions.freecrmLoginTest" name="loginPageTest" time="80.112"/>
  <system-out/>
</testsuite> <!-- TestNGPractiseSessions.freecrmLoginTest -->
