<?xml version="1.0" encoding="UTF-8"?>
<!-- Generated by org.testng.reporters.JUnitReportReporter -->
<testsuite hostname="DESKTOP-B96ST24" failures="0" tests="1" name="TestNGPractiseSessions.loginPageTest" time="0.007" errors="0" timestamp="2021-02-13T01:50:53 IST" skipped="0">
  <testcase classname="TestNGPractiseSessions.loginPageTest" name="verifyUsernameTest" time="0.007"/>
  <system-out/>
</testsuite> <!-- TestNGPractiseSessions.loginPageTest -->
