<?xml version="1.0" encoding="UTF-8"?>
<!-- Generated by org.testng.reporters.JUnitReportReporter -->
<testsuite hostname="DESKTOP-B96ST24" failures="0" tests="13" name="TestNGPractiseSessions.TestngFeatures" time="0.029" errors="0" timestamp="2021-02-13T12:26:46 IST" skipped="0">
  <testcase classname="TestNGPractiseSessions.TestngFeatures" name="logintest" time="0.001"/>
  <system-out/>
  <testcase classname="TestNGPractiseSessions.TestngFeatures" name="logintest" time="0.001"/>
  <system-out/>
  <testcase classname="TestNGPractiseSessions.TestngFeatures" name="logintest" time="0.002"/>
  <system-out/>
  <testcase classname="TestNGPractiseSessions.TestngFeatures" name="logintest" time="0.002"/>
  <system-out/>
  <testcase classname="TestNGPractiseSessions.TestngFeatures" name="logintest" time="0.003"/>
  <system-out/>
  <testcase classname="TestNGPractiseSessions.TestngFeatures" name="registration" time="0.001"/>
  <system-out/>
  <testcase classname="TestNGPractiseSessions.TestngFeatures" name="logintest" time="0.002"/>
  <system-out/>
  <testcase classname="TestNGPractiseSessions.TestngFeatures" name="logintest" time="0.008"/>
  <system-out/>
  <testcase classname="TestNGPractiseSessions.TestngFeatures" name="logintest" time="0.002"/>
  <system-out/>
  <testcase classname="TestNGPractiseSessions.TestngFeatures" name="logintest" time="0.002"/>
  <system-out/>
  <testcase classname="TestNGPractiseSessions.TestngFeatures" name="logintest" time="0.002"/>
  <system-out/>
  <testcase classname="TestNGPractiseSessions.TestngFeatures" name="SearchPage" time="0.002"/>
  <system-out/>
  <testcase classname="TestNGPractiseSessions.TestngFeatures" name="Homepage" time="0.001"/>
  <system-out/>
</testsuite> <!-- TestNGPractiseSessions.TestngFeatures -->
